# JRE version: Java(TM) SE Runtime Environment (8.0_151-b12) (build 1.8.0_151-b12)
# Java VM: Java HotSpot(TM) 64-Bit Server VM (25.151-b12 mixed mode windows-amd64 compressed oops)
Heap:
 PSYoungGen      total 453120K, used 167620K [0x00000000e0000000, 0x00000000ff900000, 0x0000000100000000)
  eden space 395264K, 39% used [0x00000000e0000000,0x00000000e98ea220,0x00000000f8200000)
  from space 57856K, 19% used [0x00000000fc080000,0x00000000fcb46ed8,0x00000000ff900000)
  to   space 60928K, 0% used [0x00000000f8200000,0x00000000f8200000,0x00000000fbd80000)
 ParOldGen       total 376320K, used 197662K [0x00000000a0000000, 0x00000000b6f80000, 0x00000000e0000000)
  object space 376320K, 52% used [0x00000000a0000000,0x00000000ac107820,0x00000000b6f80000)
 Metaspace       used 194247K, capacity 207970K, committed 208064K, reserved 1228800K
  class space    used 25282K, capacity 27866K, committed 27904K, reserved 1048576K
GC Heap History (10 events):
Event: 784.358 GC heap before
{Heap before GC invocations=69 (full 5):
 PSYoungGen      total 445440K, used 384442K [0x00000000e0000000, 0x0000000100000000, 0x0000000100000000)
  eden space 373248K, 100% used [0x00000000e0000000,0x00000000f6c80000,0x00000000f6c80000)
  from space 72192K, 15% used [0x00000000f6c80000,0x00000000f776e818,0x00000000fb300000)
  to   space 70656K, 0% used [0x00000000fbb00000,0x00000000fbb00000,0x0000000100000000)
 ParOldGen       total 376320K, used 175955K [0x00000000a0000000, 0x00000000b6f80000, 0x00000000e0000000)
  object space 376320K, 46% used [0x00000000a0000000,0x00000000aabd4e60,0x00000000b6f80000)
 Metaspace       used 184461K, capacity 197794K, committed 197952K, reserved 1220608K
  class space    used 24350K, capacity 26887K, committed 27008K, reserved 1048576K
Event: 784.367 GC heap after
Heap after GC invocations=69 (full 5):
 PSYoungGen      total 448512K, used 7639K [0x00000000e0000000, 0x00000000ffc80000, 0x0000000100000000)
  eden space 381440K, 0% used [0x00000000e0000000,0x00000000e0000000,0x00000000f7480000)
  from space 67072K, 11% used [0x00000000fbb00000,0x00000000fc275de0,0x00000000ffc80000)
  to   space 69632K, 0% used [0x00000000f7480000,0x00000000f7480000,0x00000000fb880000)
 ParOldGen       total 376320K, used 182016K [0x00000000a0000000, 0x00000000b6f80000, 0x00000000e0000000)
  object space 376320K, 48% used [0x00000000a0000000,0x00000000ab1c00c0,0x00000000b6f80000)
 Metaspace       used 184461K, capacity 197794K, committed 197952K, reserved 1220608K
  class space    used 24350K, capacity 26887K, committed 27008K, reserved 1048576K
}
Event: 784.517 GC heap before
{Heap before GC invocations=70 (full 5):
 PSYoungGen      total 448512K, used 389079K [0x00000000e0000000, 0x00000000ffc80000, 0x0000000100000000)
  eden space 381440K, 100% used [0x00000000e0000000,0x00000000f7480000,0x00000000f7480000)
  from space 67072K, 11% used [0x00000000fbb00000,0x00000000fc275de0,0x00000000ffc80000)
  to   space 69632K, 0% used [0x00000000f7480000,0x00000000f7480000,0x00000000fb880000)
 ParOldGen       total 376320K, used 182904K [0x00000000a0000000, 0x00000000b6f80000, 0x00000000e0000000)
  object space 376320K, 48% used [0x00000000a0000000,0x00000000ab29e278,0x00000000b6f80000)
 Metaspace       used 184504K, capacity 197858K, committed 198208K, reserved 1220608K
  class space    used 24350K, capacity 26887K, committed 27008K, reserved 1048576K
Event: 784.525 GC heap after
Heap after GC invocations=70 (full 5):
 PSYoungGen      total 451072K, used 8946K [0x00000000e0000000, 0x00000000ffe80000, 0x0000000100000000)
  eden space 381440K, 0% used [0x00000000e0000000,0x00000000e0000000,0x00000000f7480000)
  from space 69632K, 12% used [0x00000000f7480000,0x00000000f7d3ca88,0x00000000fb880000)
  to   space 67584K, 0% used [0x00000000fbc80000,0x00000000fbc80000,0x00000000ffe80000)
 ParOldGen       total 376320K, used 185092K [0x00000000a0000000, 0x00000000b6f80000, 0x00000000e0000000)
  object space 376320K, 49% used [0x00000000a0000000,0x00000000ab4c1018,0x00000000b6f80000)
 Metaspace       used 184504K, capacity 197858K, committed 198208K, reserved 1220608K
  class space    used 24350K, capacity 26887K, committed 27008K, reserved 1048576K
}
Event: 784.648 GC heap before
{Heap before GC invocations=71 (full 5):
 PSYoungGen      total 451072K, used 390386K [0x00000000e0000000, 0x00000000ffe80000, 0x0000000100000000)
  eden space 381440K, 100% used [0x00000000e0000000,0x00000000f7480000,0x00000000f7480000)
  from space 69632K, 12% used [0x00000000f7480000,0x00000000f7d3ca88,0x00000000fb880000)
  to   space 67584K, 0% used [0x00000000fbc80000,0x00000000fbc80000,0x00000000ffe80000)
 ParOldGen       total 376320K, used 185093K [0x00000000a0000000, 0x00000000b6f80000, 0x00000000e0000000)
  object space 376320K, 49% used [0x00000000a0000000,0x00000000ab4c1778,0x00000000b6f80000)
 Metaspace       used 184544K, capacity 197858K, committed 198208K, reserved 1220608K
  class space    used 24350K, capacity 26887K, committed 27008K, reserved 1048576K
Event: 784.660 GC heap after
Heap after GC invocations=71 (full 5):
 PSYoungGen      total 450048K, used 9956K [0x00000000e0000000, 0x00000000ffa00000, 0x0000000100000000)
  eden space 387072K, 0% used [0x00000000e0000000,0x00000000e0000000,0x00000000f7a00000)
  from space 62976K, 15% used [0x00000000fbc80000,0x00000000fc6391a8,0x00000000ffa00000)
  to   space 65536K, 0% used [0x00000000f7a00000,0x00000000f7a00000,0x00000000fba00000)
 ParOldGen       total 376320K, used 191069K [0x00000000a0000000, 0x00000000b6f80000, 0x00000000e0000000)
  object space 376320K, 50% used [0x00000000a0000000,0x00000000aba97540,0x00000000b6f80000)
 Metaspace       used 184544K, capacity 197858K, committed 198208K, reserved 1220608K
  class space    used 24350K, capacity 26887K, committed 27008K, reserved 1048576K
}
Event: 784.805 GC heap before
{Heap before GC invocations=72 (full 5):
 PSYoungGen      total 450048K, used 397028K [0x00000000e0000000, 0x00000000ffa00000, 0x0000000100000000)
  eden space 387072K, 100% used [0x00000000e0000000,0x00000000f7a00000,0x00000000f7a00000)
  from space 62976K, 15% used [0x00000000fbc80000,0x00000000fc6391a8,0x00000000ffa00000)
  to   space 65536K, 0% used [0x00000000f7a00000,0x00000000f7a00000,0x00000000fba00000)
 ParOldGen       total 376320K, used 191069K [0x00000000a0000000, 0x00000000b6f80000, 0x00000000e0000000)
  object space 376320K, 50% used [0x00000000a0000000,0x00000000aba97540,0x00000000b6f80000)
 Metaspace       used 184582K, capacity 197926K, committed 198208K, reserved 1220608K
  class space    used 24350K, capacity 26887K, committed 27008K, reserved 1048576K
Event: 784.813 GC heap after
Heap after GC invocations=72 (full 5):
 PSYoungGen      total 452608K, used 7195K [0x00000000e0000000, 0x00000000ffe80000, 0x0000000100000000)
  eden space 387072K, 0% used [0x00000000e0000000,0x00000000e0000000,0x00000000f7a00000)
  from space 65536K, 10% used [0x00000000f7a00000,0x00000000f8106d98,0x00000000fba00000)
  to   space 63488K, 0% used [0x00000000fc080000,0x00000000fc080000,0x00000000ffe80000)
 ParOldGen       total 376320K, used 196133K [0x00000000a0000000, 0x00000000b6f80000, 0x00000000e0000000)
  object space 376320K, 52% used [0x00000000a0000000,0x00000000abf89460,0x00000000b6f80000)
 Metaspace       used 184582K, capacity 197926K, committed 198208K, reserved 1220608K
  class space    used 24350K, capacity 26887K, committed 27008K, reserved 1048576K
}
Event: 2168.516 GC heap before
{Heap before GC invocations=73 (full 5):
 PSYoungGen      total 452608K, used 394267K [0x00000000e0000000, 0x00000000ffe80000, 0x0000000100000000)
  eden space 387072K, 100% used [0x00000000e0000000,0x00000000f7a00000,0x00000000f7a00000)
  from space 65536K, 10% used [0x00000000f7a00000,0x00000000f8106d98,0x00000000fba00000)
  to   space 63488K, 0% used [0x00000000fc080000,0x00000000fc080000,0x00000000ffe80000)
 ParOldGen       total 376320K, used 196133K [0x00000000a0000000, 0x00000000b6f80000, 0x00000000e0000000)
  object space 376320K, 52% used [0x00000000a0000000,0x00000000abf89460,0x00000000b6f80000)
 Metaspace       used 185394K, capacity 198952K, committed 199104K, reserved 1220608K
  class space    used 24470K, capacity 27032K, committed 27136K, reserved 1048576K
Event: 2168.526 GC heap after
Heap after GC invocations=73 (full 5):
 PSYoungGen      total 453120K, used 11035K [0x00000000e0000000, 0x00000000ff900000, 0x0000000100000000)
  eden space 395264K, 0% used [0x00000000e0000000,0x00000000e0000000,0x00000000f8200000)
  from space 57856K, 19% used [0x00000000fc080000,0x00000000fcb46ed8,0x00000000ff900000)
  to   space 60928K, 0% used [0x00000000f8200000,0x00000000f8200000,0x00000000fbd80000)
 ParOldGen       total 376320K, used 197662K [0x00000000a0000000, 0x00000000b6f80000, 0x00000000e0000000)
  object space 376320K, 52% used [0x00000000a0000000,0x00000000ac107820,0x00000000b6f80000)
 Metaspace       used 185394K, capacity 198952K, committed 199104K, reserved 1220608K
  class space    used 24470K, capacity 27032K, committed 27136K, reserved 1048576K
}

